<?xml version="1.0" encoding="UTF-8"?>
<testng-results skipped="0" failed="0" ignored="0" total="1" passed="1">
  <reporter-output>
  </reporter-output>
  <suite name="Default suite" duration-ms="87" started-at="2017-11-02T15:56:18Z" finished-at="2017-11-02T15:56:18Z">
    <groups>
    </groups>
    <test name="Default test" duration-ms="87" started-at="2017-11-02T15:56:18Z" finished-at="2017-11-02T15:56:18Z">
      <class name="in.amazon.HomePageScript">
        <test-method status="PASS" signature="loginUser()[pri:0, instance:in.amazon.HomePageScript@5b275dab]" name="loginUser" duration-ms="50" started-at="2017-11-02T21:26:18Z" finished-at="2017-11-02T21:26:18Z">
          <reporter-output>
          </reporter-output>
        </test-method> <!-- loginUser -->
      </class> <!-- in.amazon.HomePageScript -->
    </test> <!-- Default test -->
  </suite> <!-- Default suite -->
</testng-results>
